# JRE version: OpenJDK Runtime Environment (8.0_152-b01) (build 1.8.0_152-release-1343-b01)
# Java VM: OpenJDK 64-Bit Server VM (25.152-b01 mixed mode windows-amd64 compressed oops)
Heap:
 PSYoungGen      total 292864K, used 225238K [0x00000000e0000000, 0x00000000f4680000, 0x0000000100000000)
  eden space 279552K, 75% used [0x00000000e0000000,0x00000000ecf0d698,0x00000000f1100000)
  from space 13312K, 99% used [0x00000000f2200000,0x00000000f2ee8470,0x00000000f2f00000)
  to   space 24064K, 0% used [0x00000000f2f00000,0x00000000f2f00000,0x00000000f4680000)
 ParOldGen       total 95232K, used 69709K [0x00000000a0000000, 0x00000000a5d00000, 0x00000000e0000000)
  object space 95232K, 73% used [0x00000000a0000000,0x00000000a4413480,0x00000000a5d00000)
 Metaspace       used 90737K, capacity 95504K, committed 95576K, reserved 1132544K
  class space    used 11571K, capacity 12385K, committed 12416K, reserved 1048576K
GC Heap History (10 events):
Event: 157.617 GC heap before
{Heap before GC invocations=18 (full 3):
 PSYoungGen      total 307200K, used 297866K [0x00000000e0000000, 0x00000000f6b80000, 0x0000000100000000)
  eden space 284160K, 100% used [0x00000000e0000000,0x00000000f1580000,0x00000000f1580000)
  from space 23040K, 59% used [0x00000000f2b80000,0x00000000f38e28b0,0x00000000f4200000)
  to   space 22528K, 0% used [0x00000000f1580000,0x00000000f1580000,0x00000000f2b80000)
 ParOldGen       total 95232K, used 61328K [0x00000000a0000000, 0x00000000a5d00000, 0x00000000e0000000)
  object space 95232K, 64% used [0x00000000a0000000,0x00000000a3be4200,0x00000000a5d00000)
 Metaspace       used 81547K, capacity 84794K, committed 84952K, reserved 1122304K
  class space    used 10796K, capacity 11417K, committed 11520K, reserved 1048576K
Event: 157.636 GC heap after
Heap after GC invocations=18 (full 3):
 PSYoungGen      total 306688K, used 22504K [0x00000000e0000000, 0x00000000f7580000, 0x0000000100000000)
  eden space 284160K, 0% used [0x00000000e0000000,0x00000000e0000000,0x00000000f1580000)
  from space 22528K, 99% used [0x00000000f1580000,0x00000000f2b7a230,0x00000000f2b80000)
  to   space 28160K, 0% used [0x00000000f5a00000,0x00000000f5a00000,0x00000000f7580000)
 ParOldGen       total 95232K, used 67820K [0x00000000a0000000, 0x00000000a5d00000, 0x00000000e0000000)
  object space 95232K, 71% used [0x00000000a0000000,0x00000000a423b280,0x00000000a5d00000)
 Metaspace       used 81547K, capacity 84794K, committed 84952K, reserved 1122304K
  class space    used 10796K, capacity 11417K, committed 11520K, reserved 1048576K
}
Event: 243.389 GC heap before
{Heap before GC invocations=19 (full 3):
 PSYoungGen      total 306688K, used 306664K [0x00000000e0000000, 0x00000000f7580000, 0x0000000100000000)
  eden space 284160K, 100% used [0x00000000e0000000,0x00000000f1580000,0x00000000f1580000)
  from space 22528K, 99% used [0x00000000f1580000,0x00000000f2b7a230,0x00000000f2b80000)
  to   space 28160K, 0% used [0x00000000f5a00000,0x00000000f5a00000,0x00000000f7580000)
 ParOldGen       total 95232K, used 67820K [0x00000000a0000000, 0x00000000a5d00000, 0x00000000e0000000)
  object space 95232K, 71% used [0x00000000a0000000,0x00000000a423b280,0x00000000a5d00000)
 Metaspace       used 87356K, capacity 90898K, committed 91224K, reserved 1128448K
  class space    used 11374K, capacity 12083K, committed 12160K, reserved 1048576K
Event: 243.404 GC heap after
Heap after GC invocations=19 (full 3):
 PSYoungGen      total 335872K, used 11509K [0x00000000e0000000, 0x00000000f6b80000, 0x0000000100000000)
  eden space 317952K, 0% used [0x00000000e0000000,0x00000000e0000000,0x00000000f3680000)
  from space 17920K, 64% used [0x00000000f5a00000,0x00000000f653d530,0x00000000f6b80000)
  to   space 27136K, 0% used [0x00000000f3680000,0x00000000f3680000,0x00000000f5100000)
 ParOldGen       total 95232K, used 69685K [0x00000000a0000000, 0x00000000a5d00000, 0x00000000e0000000)
  object space 95232K, 73% used [0x00000000a0000000,0x00000000a440d480,0x00000000a5d00000)
 Metaspace       used 87356K, capacity 90898K, committed 91224K, reserved 1128448K
  class space    used 11374K, capacity 12083K, committed 12160K, reserved 1048576K
}
Event: 4965.089 GC heap before
{Heap before GC invocations=20 (full 3):
 PSYoungGen      total 335872K, used 329461K [0x00000000e0000000, 0x00000000f6b80000, 0x0000000100000000)
  eden space 317952K, 100% used [0x00000000e0000000,0x00000000f3680000,0x00000000f3680000)
  from space 17920K, 64% used [0x00000000f5a00000,0x00000000f653d530,0x00000000f6b80000)
  to   space 27136K, 0% used [0x00000000f3680000,0x00000000f3680000,0x00000000f5100000)
 ParOldGen       total 95232K, used 69685K [0x00000000a0000000, 0x00000000a5d00000, 0x00000000e0000000)
  object space 95232K, 73% used [0x00000000a0000000,0x00000000a440d480,0x00000000a5d00000)
 Metaspace       used 88554K, capacity 92370K, committed 92504K, reserved 1130496K
  class space    used 11402K, capacity 12124K, committed 12160K, reserved 1048576K
Event: 4965.241 GC heap after
Heap after GC invocations=20 (full 3):
 PSYoungGen      total 320512K, used 15600K [0x00000000e0000000, 0x00000000f5d80000, 0x0000000100000000)
  eden space 304640K, 0% used [0x00000000e0000000,0x00000000e0000000,0x00000000f2980000)
  from space 15872K, 98% used [0x00000000f3680000,0x00000000f45bc3f0,0x00000000f4600000)
  to   space 24064K, 0% used [0x00000000f4600000,0x00000000f4600000,0x00000000f5d80000)
 ParOldGen       total 95232K, used 69693K [0x00000000a0000000, 0x00000000a5d00000, 0x00000000e0000000)
  object space 95232K, 73% used [0x00000000a0000000,0x00000000a440f480,0x00000000a5d00000)
 Metaspace       used 88554K, capacity 92370K, committed 92504K, reserved 1130496K
  class space    used 11402K, capacity 12124K, committed 12160K, reserved 1048576K
}
Event: 5448.127 GC heap before
{Heap before GC invocations=21 (full 3):
 PSYoungGen      total 320512K, used 320240K [0x00000000e0000000, 0x00000000f5d80000, 0x0000000100000000)
  eden space 304640K, 100% used [0x00000000e0000000,0x00000000f2980000,0x00000000f2980000)
  from space 15872K, 98% used [0x00000000f3680000,0x00000000f45bc3f0,0x00000000f4600000)
  to   space 24064K, 0% used [0x00000000f4600000,0x00000000f4600000,0x00000000f5d80000)
 ParOldGen       total 95232K, used 69693K [0x00000000a0000000, 0x00000000a5d00000, 0x00000000e0000000)
  object space 95232K, 73% used [0x00000000a0000000,0x00000000a440f480,0x00000000a5d00000)
 Metaspace       used 89408K, capacity 93466K, committed 93656K, reserved 1130496K
  class space    used 11431K, capacity 12176K, committed 12288K, reserved 1048576K
Event: 5448.263 GC heap after
Heap after GC invocations=21 (full 3):
 PSYoungGen      total 305152K, used 13138K [0x00000000e0000000, 0x00000000f5300000, 0x0000000100000000)
  eden space 291840K, 0% used [0x00000000e0000000,0x00000000e0000000,0x00000000f1d00000)
  from space 13312K, 98% used [0x00000000f4600000,0x00000000f52d4a70,0x00000000f5300000)
  to   space 25088K, 0% used [0x00000000f2200000,0x00000000f2200000,0x00000000f3a80000)
 ParOldGen       total 95232K, used 69701K [0x00000000a0000000, 0x00000000a5d00000, 0x00000000e0000000)
  object space 95232K, 73% used [0x00000000a0000000,0x00000000a4411480,0x00000000a5d00000)
 Metaspace       used 89408K, capacity 93466K, committed 93656K, reserved 1130496K
  class space    used 11431K, capacity 12176K, committed 12288K, reserved 1048576K
}
Event: 5559.968 GC heap before
{Heap before GC invocations=22 (full 3):
 PSYoungGen      total 305152K, used 304978K [0x00000000e0000000, 0x00000000f5300000, 0x0000000100000000)
  eden space 291840K, 100% used [0x00000000e0000000,0x00000000f1d00000,0x00000000f1d00000)
  from space 13312K, 98% used [0x00000000f4600000,0x00000000f52d4a70,0x00000000f5300000)
  to   space 25088K, 0% used [0x00000000f2200000,0x00000000f2200000,0x00000000f3a80000)
 ParOldGen       total 95232K, used 69701K [0x00000000a0000000, 0x00000000a5d00000, 0x00000000e0000000)
  object space 95232K, 73% used [0x00000000a0000000,0x00000000a4411480,0x00000000a5d00000)
 Metaspace       used 90505K, capacity 95214K, committed 95320K, reserved 1132544K
  class space    used 11549K, capacity 12372K, committed 12416K, reserved 1048576K
Event: 5560.004 GC heap after
Heap after GC invocations=22 (full 3):
 PSYoungGen      total 292864K, used 13217K [0x00000000e0000000, 0x00000000f4680000, 0x0000000100000000)
  eden space 279552K, 0% used [0x00000000e0000000,0x00000000e0000000,0x00000000f1100000)
  from space 13312K, 99% used [0x00000000f2200000,0x00000000f2ee8470,0x00000000f2f00000)
  to   space 24064K, 0% used [0x00000000f2f00000,0x00000000f2f00000,0x00000000f4680000)
 ParOldGen       total 95232K, used 69709K [0x00000000a0000000, 0x00000000a5d00000, 0x00000000e0000000)
  object space 95232K, 73% used [0x00000000a0000000,0x00000000a4413480,0x00000000a5d00000)
 Metaspace       used 90505K, capacity 95214K, committed 95320K, reserved 1132544K
  class space    used 11549K, capacity 12372K, committed 12416K, reserved 1048576K
}

